Failed to start or connect to the Nx Daemon process.

Messages from the log:
      throw er; // Unhandled 'error' event
      ^

Error: listen EACCES: permission denied /var/folders/7f/9t1y14h56xzgv_qdm8dtl0wh0000gr/T/4a3c7fdfa78c503c5ff7/d.sock
    at Server.setupListenHandle [as _listen2] (node:net:1313:21)
    at listenInCluster (node:net:1378:12)
    at Server.listen (node:net:1476:5)
    at /Users/rferreira/sigmafox/node_modules/.pnpm/nx@16.7.2/node_modules/nx/src/daemon/server/server.js:299:24
    at Generator.next (<anonymous>)
    at fulfilled (/Users/rferreira/sigmafox/node_modules/.pnpm/tslib@2.6.2/node_modules/tslib/tslib.js:166:62)
Emitted 'error' event on Server instance at:
    at emitErrorNT (node:net:1357:8)
    at process.processTicksAndRejections (node:internal/process/task_queues:83:21) {
  code: 'EACCES',
  errno: -13,
  syscall: 'listen',
  address: '/var/folders/7f/9t1y14h56xzgv_qdm8dtl0wh0000gr/T/4a3c7fdfa78c503c5ff7/d.sock',
  port: -1
}



More information: /Users/rferreira/sigmafox/.nx/cache/d/daemon.log